<?xml version="1.0" encoding="UTF-8"?>
<testsuite xmlns:xsi="http://www.w3.org/2001/XMLSchema-instance" xsi:noNamespaceSchemaLocation="https://maven.apache.org/surefire/maven-surefire-plugin/xsd/surefire-test-report-3.0.xsd" version="3.0" name="TestSuite" time="220.664" tests="10" errors="0" skipped="0" failures="0">
  <properties>
    <property name="sun.desktop" value="windows"/>
    <property name="awt.toolkit" value="sun.awt.windows.WToolkit"/>
    <property name="java.specification.version" value="11"/>
    <property name="sun.cpu.isalist" value="amd64"/>
    <property name="sun.jnu.encoding" value="Cp1252"/>
    <property name="java.class.path" value="C:\Users\Mohit.negi\eclipse-workspace\POMTestAutomation\target\test-classes;C:\Users\Mohit.negi\eclipse-workspace\POMTestAutomation\target\classes;C:\Users\Mohit.negi\.m2\repository\org\testng\testng\7.8.0\testng-7.8.0.jar;C:\Users\Mohit.negi\.m2\repository\org\slf4j\slf4j-api\1.7.36\slf4j-api-1.7.36.jar;C:\Users\Mohit.negi\.m2\repository\com\beust\jcommander\1.82\jcommander-1.82.jar;C:\Users\Mohit.negi\.m2\repository\org\webjars\jquery\3.6.1\jquery-3.6.1.jar;C:\Users\Mohit.negi\.m2\repository\io\rest-assured\rest-assured-all\4.2.0\rest-assured-all-4.2.0.jar;C:\Users\Mohit.negi\.m2\repository\org\codehaus\groovy\groovy\2.5.8\groovy-2.5.8.jar;C:\Users\Mohit.negi\.m2\repository\org\apache\commons\commons-lang3\3.4\commons-lang3-3.4.jar;C:\Users\Mohit.negi\.m2\repository\org\codehaus\groovy\groovy-xml\2.5.8\groovy-xml-2.5.8.jar;C:\Users\Mohit.negi\.m2\repository\org\ccil\cowan\tagsoup\tagsoup\1.2.1\tagsoup-1.2.1.jar;C:\Users\Mohit.negi\.m2\repository\jakarta\xml\bind\jakarta.xml.bind-api\2.3.2\jakarta.xml.bind-api-2.3.2.jar;C:\Users\Mohit.negi\.m2\repository\jakarta\activation\jakarta.activation-api\1.2.1\jakarta.activation-api-1.2.1.jar;C:\Users\Mohit.negi\.m2\repository\com\sun\xml\bind\jaxb-osgi\2.3.0.1\jaxb-osgi-2.3.0.1.jar;C:\Users\Mohit.negi\.m2\repository\org\apache\sling\org.apache.sling.javax.activation\0.1.0\org.apache.sling.javax.activation-0.1.0.jar;C:\Users\Mohit.negi\.m2\repository\javax\activation\activation\1.1.1\activation-1.1.1.jar;C:\Users\Mohit.negi\.m2\repository\org\codehaus\groovy\groovy-json\2.5.8\groovy-json-2.5.8.jar;C:\Users\Mohit.negi\.m2\repository\io\rest-assured\json-path\4.2.0\json-path-4.2.0.jar;C:\Users\Mohit.negi\.m2\repository\io\rest-assured\rest-assured-common\4.2.0\rest-assured-common-4.2.0.jar;C:\Users\Mohit.negi\.m2\repository\io\rest-assured\xml-path\4.2.0\xml-path-4.2.0.jar;C:\Users\Mohit.negi\.m2\repository\io\rest-assured\json-schema-validator\4.2.0\json-schema-validator-4.2.0.jar;C:\Users\Mohit.negi\.m2\repository\com\github\java-json-tools\json-schema-validator\2.2.10\json-schema-validator-2.2.10.jar;C:\Users\Mohit.negi\.m2\repository\com\github\java-json-tools\json-schema-core\1.2.10\json-schema-core-1.2.10.jar;C:\Users\Mohit.negi\.m2\repository\com\github\java-json-tools\jackson-coreutils\1.9\jackson-coreutils-1.9.jar;C:\Users\Mohit.negi\.m2\repository\com\fasterxml\jackson\core\jackson-databind\2.2.3\jackson-databind-2.2.3.jar;C:\Users\Mohit.negi\.m2\repository\com\fasterxml\jackson\core\jackson-annotations\2.2.3\jackson-annotations-2.2.3.jar;C:\Users\Mohit.negi\.m2\repository\com\fasterxml\jackson\core\jackson-core\2.2.3\jackson-core-2.2.3.jar;C:\Users\Mohit.negi\.m2\repository\com\github\fge\msg-simple\1.1\msg-simple-1.1.jar;C:\Users\Mohit.negi\.m2\repository\com\github\fge\btf\1.2\btf-1.2.jar;C:\Users\Mohit.negi\.m2\repository\com\github\fge\uri-template\0.9\uri-template-0.9.jar;C:\Users\Mohit.negi\.m2\repository\org\mozilla\rhino\1.7.7.1\rhino-1.7.7.1.jar;C:\Users\Mohit.negi\.m2\repository\javax\mail\mailapi\1.4.3\mailapi-1.4.3.jar;C:\Users\Mohit.negi\.m2\repository\joda-time\joda-time\2.9.7\joda-time-2.9.7.jar;C:\Users\Mohit.negi\.m2\repository\com\googlecode\libphonenumber\libphonenumber\8.0.0\libphonenumber-8.0.0.jar;C:\Users\Mohit.negi\.m2\repository\com\google\code\findbugs\jsr305\3.0.1\jsr305-3.0.1.jar;C:\Users\Mohit.negi\.m2\repository\net\sf\jopt-simple\jopt-simple\5.0.3\jopt-simple-5.0.3.jar;C:\Users\Mohit.negi\.m2\repository\org\hamcrest\hamcrest\2.1\hamcrest-2.1.jar;C:\Users\Mohit.negi\.m2\repository\org\seleniumhq\selenium\selenium-java\4.16.1\selenium-java-4.16.1.jar;C:\Users\Mohit.negi\.m2\repository\org\seleniumhq\selenium\selenium-api\4.16.1\selenium-api-4.16.1.jar;C:\Users\Mohit.negi\.m2\repository\org\seleniumhq\selenium\selenium-chrome-driver\4.16.1\selenium-chrome-driver-4.16.1.jar;C:\Users\Mohit.negi\.m2\repository\com\google\auto\service\auto-service-annotations\1.1.1\auto-service-annotations-1.1.1.jar;C:\Users\Mohit.negi\.m2\repository\org\seleniumhq\selenium\selenium-chromium-driver\4.16.1\selenium-chromium-driver-4.16.1.jar;C:\Users\Mohit.negi\.m2\repository\org\seleniumhq\selenium\selenium-json\4.16.1\selenium-json-4.16.1.jar;C:\Users\Mohit.negi\.m2\repository\org\seleniumhq\selenium\selenium-manager\4.16.1\selenium-manager-4.16.1.jar;C:\Users\Mohit.negi\.m2\repository\org\seleniumhq\selenium\selenium-devtools-v118\4.16.1\selenium-devtools-v118-4.16.1.jar;C:\Users\Mohit.negi\.m2\repository\org\seleniumhq\selenium\selenium-devtools-v119\4.16.1\selenium-devtools-v119-4.16.1.jar;C:\Users\Mohit.negi\.m2\repository\org\seleniumhq\selenium\selenium-devtools-v120\4.16.1\selenium-devtools-v120-4.16.1.jar;C:\Users\Mohit.negi\.m2\repository\org\seleniumhq\selenium\selenium-devtools-v85\4.16.1\selenium-devtools-v85-4.16.1.jar;C:\Users\Mohit.negi\.m2\repository\org\seleniumhq\selenium\selenium-edge-driver\4.16.1\selenium-edge-driver-4.16.1.jar;C:\Users\Mohit.negi\.m2\repository\org\seleniumhq\selenium\selenium-firefox-driver\4.16.1\selenium-firefox-driver-4.16.1.jar;C:\Users\Mohit.negi\.m2\repository\org\seleniumhq\selenium\selenium-http\4.16.1\selenium-http-4.16.1.jar;C:\Users\Mohit.negi\.m2\repository\dev\failsafe\failsafe\3.3.2\failsafe-3.3.2.jar;C:\Users\Mohit.negi\.m2\repository\org\seleniumhq\selenium\selenium-ie-driver\4.16.1\selenium-ie-driver-4.16.1.jar;C:\Users\Mohit.negi\.m2\repository\org\seleniumhq\selenium\selenium-remote-driver\4.16.1\selenium-remote-driver-4.16.1.jar;C:\Users\Mohit.negi\.m2\repository\com\google\guava\guava\32.1.2-jre\guava-32.1.2-jre.jar;C:\Users\Mohit.negi\.m2\repository\com\google\guava\failureaccess\1.0.1\failureaccess-1.0.1.jar;C:\Users\Mohit.negi\.m2\repository\com\google\guava\listenablefuture\9999.0-empty-to-avoid-conflict-with-guava\listenablefuture-9999.0-empty-to-avoid-conflict-with-guava.jar;C:\Users\Mohit.negi\.m2\repository\org\checkerframework\checker-qual\3.33.0\checker-qual-3.33.0.jar;C:\Users\Mohit.negi\.m2\repository\com\google\errorprone\error_prone_annotations\2.18.0\error_prone_annotations-2.18.0.jar;C:\Users\Mohit.negi\.m2\repository\com\google\j2objc\j2objc-annotations\2.8\j2objc-annotations-2.8.jar;C:\Users\Mohit.negi\.m2\repository\io\opentelemetry\opentelemetry-api\1.28.0\opentelemetry-api-1.28.0.jar;C:\Users\Mohit.negi\.m2\repository\io\opentelemetry\opentelemetry-context\1.28.0\opentelemetry-context-1.28.0.jar;C:\Users\Mohit.negi\.m2\repository\io\opentelemetry\opentelemetry-exporter-logging\1.28.0\opentelemetry-exporter-logging-1.28.0.jar;C:\Users\Mohit.negi\.m2\repository\io\opentelemetry\opentelemetry-sdk-metrics\1.28.0\opentelemetry-sdk-metrics-1.28.0.jar;C:\Users\Mohit.negi\.m2\repository\io\opentelemetry\opentelemetry-extension-incubator\1.28.0-alpha\opentelemetry-extension-incubator-1.28.0-alpha.jar;C:\Users\Mohit.negi\.m2\repository\io\opentelemetry\opentelemetry-sdk-logs\1.28.0\opentelemetry-sdk-logs-1.28.0.jar;C:\Users\Mohit.negi\.m2\repository\io\opentelemetry\opentelemetry-sdk-common\1.28.0\opentelemetry-sdk-common-1.28.0.jar;C:\Users\Mohit.negi\.m2\repository\io\opentelemetry\opentelemetry-sdk-extension-autoconfigure-spi\1.28.0\opentelemetry-sdk-extension-autoconfigure-spi-1.28.0.jar;C:\Users\Mohit.negi\.m2\repository\io\opentelemetry\opentelemetry-sdk-extension-autoconfigure\1.28.0\opentelemetry-sdk-extension-autoconfigure-1.28.0.jar;C:\Users\Mohit.negi\.m2\repository\io\opentelemetry\opentelemetry-api-events\1.28.0-alpha\opentelemetry-api-events-1.28.0-alpha.jar;C:\Users\Mohit.negi\.m2\repository\io\opentelemetry\opentelemetry-sdk-trace\1.28.0\opentelemetry-sdk-trace-1.28.0.jar;C:\Users\Mohit.negi\.m2\repository\io\opentelemetry\opentelemetry-sdk\1.28.0\opentelemetry-sdk-1.28.0.jar;C:\Users\Mohit.negi\.m2\repository\io\opentelemetry\opentelemetry-semconv\1.28.0-alpha\opentelemetry-semconv-1.28.0-alpha.jar;C:\Users\Mohit.negi\.m2\repository\net\bytebuddy\byte-buddy\1.14.5\byte-buddy-1.14.5.jar;C:\Users\Mohit.negi\.m2\repository\org\seleniumhq\selenium\selenium-os\4.16.1\selenium-os-4.16.1.jar;C:\Users\Mohit.negi\.m2\repository\org\apache\commons\commons-exec\1.3\commons-exec-1.3.jar;C:\Users\Mohit.negi\.m2\repository\org\seleniumhq\selenium\selenium-safari-driver\4.16.1\selenium-safari-driver-4.16.1.jar;C:\Users\Mohit.negi\.m2\repository\org\seleniumhq\selenium\selenium-support\4.16.1\selenium-support-4.16.1.jar;C:\Users\Mohit.negi\.m2\repository\org\apache\poi\poi-ooxml\5.2.5\poi-ooxml-5.2.5.jar;C:\Users\Mohit.negi\.m2\repository\org\apache\poi\poi-ooxml-lite\5.2.5\poi-ooxml-lite-5.2.5.jar;C:\Users\Mohit.negi\.m2\repository\org\apache\xmlbeans\xmlbeans\5.2.0\xmlbeans-5.2.0.jar;C:\Users\Mohit.negi\.m2\repository\org\apache\commons\commons-compress\1.25.0\commons-compress-1.25.0.jar;C:\Users\Mohit.negi\.m2\repository\commons-io\commons-io\2.15.0\commons-io-2.15.0.jar;C:\Users\Mohit.negi\.m2\repository\com\github\virtuald\curvesapi\1.08\curvesapi-1.08.jar;C:\Users\Mohit.negi\.m2\repository\org\apache\logging\log4j\log4j-api\2.21.1\log4j-api-2.21.1.jar;C:\Users\Mohit.negi\.m2\repository\org\apache\commons\commons-collections4\4.4\commons-collections4-4.4.jar;C:\Users\Mohit.negi\.m2\repository\org\apache\poi\poi-ooxml-schemas\4.1.2\poi-ooxml-schemas-4.1.2.jar;C:\Users\Mohit.negi\.m2\repository\org\apache\poi\poi-scratchpad\5.2.5\poi-scratchpad-5.2.5.jar;C:\Users\Mohit.negi\.m2\repository\org\apache\commons\commons-math3\3.6.1\commons-math3-3.6.1.jar;C:\Users\Mohit.negi\.m2\repository\commons-codec\commons-codec\1.16.0\commons-codec-1.16.0.jar;C:\Users\Mohit.negi\.m2\repository\org\apache\poi\poi\5.2.5\poi-5.2.5.jar;C:\Users\Mohit.negi\.m2\repository\com\zaxxer\SparseBitSet\1.3\SparseBitSet-1.3.jar;C:\Users\Mohit.negi\.m2\repository\org\apache\poi\ooxml-schemas\1.4\ooxml-schemas-1.4.jar;C:\Users\Mohit.negi\.m2\repository\org\apache\poi\openxml4j\1.0-beta\openxml4j-1.0-beta.jar;C:\Users\Mohit.negi\.m2\repository\dom4j\dom4j\1.6.1\dom4j-1.6.1.jar;C:\Users\Mohit.negi\.m2\repository\xml-apis\xml-apis\1.0.b2\xml-apis-1.0.b2.jar;C:\Users\Mohit.negi\.m2\repository\log4j\log4j\1.2.8\log4j-1.2.8.jar;C:\Users\Mohit.negi\.m2\repository\com\relevantcodes\extentreports\2.41.2\extentreports-2.41.2.jar;C:\Users\Mohit.negi\.m2\repository\org\jsoup\jsoup\1.8.3\jsoup-1.8.3.jar;C:\Users\Mohit.negi\.m2\repository\org\xerial\sqlite-jdbc\3.8.11.1\sqlite-jdbc-3.8.11.1.jar;C:\Users\Mohit.negi\.m2\repository\org\freemarker\freemarker\2.3.23\freemarker-2.3.23.jar;C:\Users\Mohit.negi\.m2\repository\org\mongodb\mongodb-driver\3.0.4\mongodb-driver-3.0.4.jar;C:\Users\Mohit.negi\.m2\repository\org\mongodb\bson\3.0.4\bson-3.0.4.jar;C:\Users\Mohit.negi\.m2\repository\org\mongodb\mongodb-driver-core\3.0.4\mongodb-driver-core-3.0.4.jar;"/>
    <property name="java.vm.vendor" value="Oracle Corporation"/>
    <property name="sun.arch.data.model" value="64"/>
    <property name="user.variant" value=""/>
    <property name="java.vendor.url" value="https://openjdk.java.net/"/>
    <property name="user.timezone" value="Asia/Calcutta"/>
    <property name="java.vm.specification.version" value="11"/>
    <property name="os.name" value="Windows 11"/>
    <property name="sun.java.launcher" value="SUN_STANDARD"/>
    <property name="user.country" value="US"/>
    <property name="sun.boot.library.path" value="C:\Program Files\Java\jdk-11\bin"/>
    <property name="sun.java.command" value="C:\Users\Mohit.negi\AppData\Local\Temp\surefire4993186761508675335\surefirebooter-20231225123855198_3.jar C:\Users\Mohit.negi\AppData\Local\Temp\surefire4993186761508675335 2023-12-25T12-38-54_355-jvmRun1 surefire-20231225123855198_1tmp surefire_0-20231225123855198_2tmp"/>
    <property name="jdk.debug" value="release"/>
    <property name="surefire.test.class.path" value="C:\Users\Mohit.negi\eclipse-workspace\POMTestAutomation\target\test-classes;C:\Users\Mohit.negi\eclipse-workspace\POMTestAutomation\target\classes;C:\Users\Mohit.negi\.m2\repository\org\testng\testng\7.8.0\testng-7.8.0.jar;C:\Users\Mohit.negi\.m2\repository\org\slf4j\slf4j-api\1.7.36\slf4j-api-1.7.36.jar;C:\Users\Mohit.negi\.m2\repository\com\beust\jcommander\1.82\jcommander-1.82.jar;C:\Users\Mohit.negi\.m2\repository\org\webjars\jquery\3.6.1\jquery-3.6.1.jar;C:\Users\Mohit.negi\.m2\repository\io\rest-assured\rest-assured-all\4.2.0\rest-assured-all-4.2.0.jar;C:\Users\Mohit.negi\.m2\repository\org\codehaus\groovy\groovy\2.5.8\groovy-2.5.8.jar;C:\Users\Mohit.negi\.m2\repository\org\apache\commons\commons-lang3\3.4\commons-lang3-3.4.jar;C:\Users\Mohit.negi\.m2\repository\org\codehaus\groovy\groovy-xml\2.5.8\groovy-xml-2.5.8.jar;C:\Users\Mohit.negi\.m2\repository\org\ccil\cowan\tagsoup\tagsoup\1.2.1\tagsoup-1.2.1.jar;C:\Users\Mohit.negi\.m2\repository\jakarta\xml\bind\jakarta.xml.bind-api\2.3.2\jakarta.xml.bind-api-2.3.2.jar;C:\Users\Mohit.negi\.m2\repository\jakarta\activation\jakarta.activation-api\1.2.1\jakarta.activation-api-1.2.1.jar;C:\Users\Mohit.negi\.m2\repository\com\sun\xml\bind\jaxb-osgi\2.3.0.1\jaxb-osgi-2.3.0.1.jar;C:\Users\Mohit.negi\.m2\repository\org\apache\sling\org.apache.sling.javax.activation\0.1.0\org.apache.sling.javax.activation-0.1.0.jar;C:\Users\Mohit.negi\.m2\repository\javax\activation\activation\1.1.1\activation-1.1.1.jar;C:\Users\Mohit.negi\.m2\repository\org\codehaus\groovy\groovy-json\2.5.8\groovy-json-2.5.8.jar;C:\Users\Mohit.negi\.m2\repository\io\rest-assured\json-path\4.2.0\json-path-4.2.0.jar;C:\Users\Mohit.negi\.m2\repository\io\rest-assured\rest-assured-common\4.2.0\rest-assured-common-4.2.0.jar;C:\Users\Mohit.negi\.m2\repository\io\rest-assured\xml-path\4.2.0\xml-path-4.2.0.jar;C:\Users\Mohit.negi\.m2\repository\io\rest-assured\json-schema-validator\4.2.0\json-schema-validator-4.2.0.jar;C:\Users\Mohit.negi\.m2\repository\com\github\java-json-tools\json-schema-validator\2.2.10\json-schema-validator-2.2.10.jar;C:\Users\Mohit.negi\.m2\repository\com\github\java-json-tools\json-schema-core\1.2.10\json-schema-core-1.2.10.jar;C:\Users\Mohit.negi\.m2\repository\com\github\java-json-tools\jackson-coreutils\1.9\jackson-coreutils-1.9.jar;C:\Users\Mohit.negi\.m2\repository\com\fasterxml\jackson\core\jackson-databind\2.2.3\jackson-databind-2.2.3.jar;C:\Users\Mohit.negi\.m2\repository\com\fasterxml\jackson\core\jackson-annotations\2.2.3\jackson-annotations-2.2.3.jar;C:\Users\Mohit.negi\.m2\repository\com\fasterxml\jackson\core\jackson-core\2.2.3\jackson-core-2.2.3.jar;C:\Users\Mohit.negi\.m2\repository\com\github\fge\msg-simple\1.1\msg-simple-1.1.jar;C:\Users\Mohit.negi\.m2\repository\com\github\fge\btf\1.2\btf-1.2.jar;C:\Users\Mohit.negi\.m2\repository\com\github\fge\uri-template\0.9\uri-template-0.9.jar;C:\Users\Mohit.negi\.m2\repository\org\mozilla\rhino\1.7.7.1\rhino-1.7.7.1.jar;C:\Users\Mohit.negi\.m2\repository\javax\mail\mailapi\1.4.3\mailapi-1.4.3.jar;C:\Users\Mohit.negi\.m2\repository\joda-time\joda-time\2.9.7\joda-time-2.9.7.jar;C:\Users\Mohit.negi\.m2\repository\com\googlecode\libphonenumber\libphonenumber\8.0.0\libphonenumber-8.0.0.jar;C:\Users\Mohit.negi\.m2\repository\com\google\code\findbugs\jsr305\3.0.1\jsr305-3.0.1.jar;C:\Users\Mohit.negi\.m2\repository\net\sf\jopt-simple\jopt-simple\5.0.3\jopt-simple-5.0.3.jar;C:\Users\Mohit.negi\.m2\repository\org\hamcrest\hamcrest\2.1\hamcrest-2.1.jar;C:\Users\Mohit.negi\.m2\repository\org\seleniumhq\selenium\selenium-java\4.16.1\selenium-java-4.16.1.jar;C:\Users\Mohit.negi\.m2\repository\org\seleniumhq\selenium\selenium-api\4.16.1\selenium-api-4.16.1.jar;C:\Users\Mohit.negi\.m2\repository\org\seleniumhq\selenium\selenium-chrome-driver\4.16.1\selenium-chrome-driver-4.16.1.jar;C:\Users\Mohit.negi\.m2\repository\com\google\auto\service\auto-service-annotations\1.1.1\auto-service-annotations-1.1.1.jar;C:\Users\Mohit.negi\.m2\repository\org\seleniumhq\selenium\selenium-chromium-driver\4.16.1\selenium-chromium-driver-4.16.1.jar;C:\Users\Mohit.negi\.m2\repository\org\seleniumhq\selenium\selenium-json\4.16.1\selenium-json-4.16.1.jar;C:\Users\Mohit.negi\.m2\repository\org\seleniumhq\selenium\selenium-manager\4.16.1\selenium-manager-4.16.1.jar;C:\Users\Mohit.negi\.m2\repository\org\seleniumhq\selenium\selenium-devtools-v118\4.16.1\selenium-devtools-v118-4.16.1.jar;C:\Users\Mohit.negi\.m2\repository\org\seleniumhq\selenium\selenium-devtools-v119\4.16.1\selenium-devtools-v119-4.16.1.jar;C:\Users\Mohit.negi\.m2\repository\org\seleniumhq\selenium\selenium-devtools-v120\4.16.1\selenium-devtools-v120-4.16.1.jar;C:\Users\Mohit.negi\.m2\repository\org\seleniumhq\selenium\selenium-devtools-v85\4.16.1\selenium-devtools-v85-4.16.1.jar;C:\Users\Mohit.negi\.m2\repository\org\seleniumhq\selenium\selenium-edge-driver\4.16.1\selenium-edge-driver-4.16.1.jar;C:\Users\Mohit.negi\.m2\repository\org\seleniumhq\selenium\selenium-firefox-driver\4.16.1\selenium-firefox-driver-4.16.1.jar;C:\Users\Mohit.negi\.m2\repository\org\seleniumhq\selenium\selenium-http\4.16.1\selenium-http-4.16.1.jar;C:\Users\Mohit.negi\.m2\repository\dev\failsafe\failsafe\3.3.2\failsafe-3.3.2.jar;C:\Users\Mohit.negi\.m2\repository\org\seleniumhq\selenium\selenium-ie-driver\4.16.1\selenium-ie-driver-4.16.1.jar;C:\Users\Mohit.negi\.m2\repository\org\seleniumhq\selenium\selenium-remote-driver\4.16.1\selenium-remote-driver-4.16.1.jar;C:\Users\Mohit.negi\.m2\repository\com\google\guava\guava\32.1.2-jre\guava-32.1.2-jre.jar;C:\Users\Mohit.negi\.m2\repository\com\google\guava\failureaccess\1.0.1\failureaccess-1.0.1.jar;C:\Users\Mohit.negi\.m2\repository\com\google\guava\listenablefuture\9999.0-empty-to-avoid-conflict-with-guava\listenablefuture-9999.0-empty-to-avoid-conflict-with-guava.jar;C:\Users\Mohit.negi\.m2\repository\org\checkerframework\checker-qual\3.33.0\checker-qual-3.33.0.jar;C:\Users\Mohit.negi\.m2\repository\com\google\errorprone\error_prone_annotations\2.18.0\error_prone_annotations-2.18.0.jar;C:\Users\Mohit.negi\.m2\repository\com\google\j2objc\j2objc-annotations\2.8\j2objc-annotations-2.8.jar;C:\Users\Mohit.negi\.m2\repository\io\opentelemetry\opentelemetry-api\1.28.0\opentelemetry-api-1.28.0.jar;C:\Users\Mohit.negi\.m2\repository\io\opentelemetry\opentelemetry-context\1.28.0\opentelemetry-context-1.28.0.jar;C:\Users\Mohit.negi\.m2\repository\io\opentelemetry\opentelemetry-exporter-logging\1.28.0\opentelemetry-exporter-logging-1.28.0.jar;C:\Users\Mohit.negi\.m2\repository\io\opentelemetry\opentelemetry-sdk-metrics\1.28.0\opentelemetry-sdk-metrics-1.28.0.jar;C:\Users\Mohit.negi\.m2\repository\io\opentelemetry\opentelemetry-extension-incubator\1.28.0-alpha\opentelemetry-extension-incubator-1.28.0-alpha.jar;C:\Users\Mohit.negi\.m2\repository\io\opentelemetry\opentelemetry-sdk-logs\1.28.0\opentelemetry-sdk-logs-1.28.0.jar;C:\Users\Mohit.negi\.m2\repository\io\opentelemetry\opentelemetry-sdk-common\1.28.0\opentelemetry-sdk-common-1.28.0.jar;C:\Users\Mohit.negi\.m2\repository\io\opentelemetry\opentelemetry-sdk-extension-autoconfigure-spi\1.28.0\opentelemetry-sdk-extension-autoconfigure-spi-1.28.0.jar;C:\Users\Mohit.negi\.m2\repository\io\opentelemetry\opentelemetry-sdk-extension-autoconfigure\1.28.0\opentelemetry-sdk-extension-autoconfigure-1.28.0.jar;C:\Users\Mohit.negi\.m2\repository\io\opentelemetry\opentelemetry-api-events\1.28.0-alpha\opentelemetry-api-events-1.28.0-alpha.jar;C:\Users\Mohit.negi\.m2\repository\io\opentelemetry\opentelemetry-sdk-trace\1.28.0\opentelemetry-sdk-trace-1.28.0.jar;C:\Users\Mohit.negi\.m2\repository\io\opentelemetry\opentelemetry-sdk\1.28.0\opentelemetry-sdk-1.28.0.jar;C:\Users\Mohit.negi\.m2\repository\io\opentelemetry\opentelemetry-semconv\1.28.0-alpha\opentelemetry-semconv-1.28.0-alpha.jar;C:\Users\Mohit.negi\.m2\repository\net\bytebuddy\byte-buddy\1.14.5\byte-buddy-1.14.5.jar;C:\Users\Mohit.negi\.m2\repository\org\seleniumhq\selenium\selenium-os\4.16.1\selenium-os-4.16.1.jar;C:\Users\Mohit.negi\.m2\repository\org\apache\commons\commons-exec\1.3\commons-exec-1.3.jar;C:\Users\Mohit.negi\.m2\repository\org\seleniumhq\selenium\selenium-safari-driver\4.16.1\selenium-safari-driver-4.16.1.jar;C:\Users\Mohit.negi\.m2\repository\org\seleniumhq\selenium\selenium-support\4.16.1\selenium-support-4.16.1.jar;C:\Users\Mohit.negi\.m2\repository\org\apache\poi\poi-ooxml\5.2.5\poi-ooxml-5.2.5.jar;C:\Users\Mohit.negi\.m2\repository\org\apache\poi\poi-ooxml-lite\5.2.5\poi-ooxml-lite-5.2.5.jar;C:\Users\Mohit.negi\.m2\repository\org\apache\xmlbeans\xmlbeans\5.2.0\xmlbeans-5.2.0.jar;C:\Users\Mohit.negi\.m2\repository\org\apache\commons\commons-compress\1.25.0\commons-compress-1.25.0.jar;C:\Users\Mohit.negi\.m2\repository\commons-io\commons-io\2.15.0\commons-io-2.15.0.jar;C:\Users\Mohit.negi\.m2\repository\com\github\virtuald\curvesapi\1.08\curvesapi-1.08.jar;C:\Users\Mohit.negi\.m2\repository\org\apache\logging\log4j\log4j-api\2.21.1\log4j-api-2.21.1.jar;C:\Users\Mohit.negi\.m2\repository\org\apache\commons\commons-collections4\4.4\commons-collections4-4.4.jar;C:\Users\Mohit.negi\.m2\repository\org\apache\poi\poi-ooxml-schemas\4.1.2\poi-ooxml-schemas-4.1.2.jar;C:\Users\Mohit.negi\.m2\repository\org\apache\poi\poi-scratchpad\5.2.5\poi-scratchpad-5.2.5.jar;C:\Users\Mohit.negi\.m2\repository\org\apache\commons\commons-math3\3.6.1\commons-math3-3.6.1.jar;C:\Users\Mohit.negi\.m2\repository\commons-codec\commons-codec\1.16.0\commons-codec-1.16.0.jar;C:\Users\Mohit.negi\.m2\repository\org\apache\poi\poi\5.2.5\poi-5.2.5.jar;C:\Users\Mohit.negi\.m2\repository\com\zaxxer\SparseBitSet\1.3\SparseBitSet-1.3.jar;C:\Users\Mohit.negi\.m2\repository\org\apache\poi\ooxml-schemas\1.4\ooxml-schemas-1.4.jar;C:\Users\Mohit.negi\.m2\repository\org\apache\poi\openxml4j\1.0-beta\openxml4j-1.0-beta.jar;C:\Users\Mohit.negi\.m2\repository\dom4j\dom4j\1.6.1\dom4j-1.6.1.jar;C:\Users\Mohit.negi\.m2\repository\xml-apis\xml-apis\1.0.b2\xml-apis-1.0.b2.jar;C:\Users\Mohit.negi\.m2\repository\log4j\log4j\1.2.8\log4j-1.2.8.jar;C:\Users\Mohit.negi\.m2\repository\com\relevantcodes\extentreports\2.41.2\extentreports-2.41.2.jar;C:\Users\Mohit.negi\.m2\repository\org\jsoup\jsoup\1.8.3\jsoup-1.8.3.jar;C:\Users\Mohit.negi\.m2\repository\org\xerial\sqlite-jdbc\3.8.11.1\sqlite-jdbc-3.8.11.1.jar;C:\Users\Mohit.negi\.m2\repository\org\freemarker\freemarker\2.3.23\freemarker-2.3.23.jar;C:\Users\Mohit.negi\.m2\repository\org\mongodb\mongodb-driver\3.0.4\mongodb-driver-3.0.4.jar;C:\Users\Mohit.negi\.m2\repository\org\mongodb\bson\3.0.4\bson-3.0.4.jar;C:\Users\Mohit.negi\.m2\repository\org\mongodb\mongodb-driver-core\3.0.4\mongodb-driver-core-3.0.4.jar;"/>
    <property name="sun.cpu.endian" value="little"/>
    <property name="user.home" value="C:\Users\Mohit.negi"/>
    <property name="user.language" value="en"/>
    <property name="java.specification.vendor" value="Oracle Corporation"/>
    <property name="java.version.date" value="2023-07-18"/>
    <property name="java.home" value="C:\Program Files\Java\jdk-11"/>
    <property name="file.separator" value="\"/>
    <property name="basedir" value="C:\Users\Mohit.negi\eclipse-workspace\POMTestAutomation"/>
    <property name="java.vm.compressedOopsMode" value="32-bit"/>
    <property name="line.separator" value="&#10;"/>
    <property name="java.specification.name" value="Java Platform API Specification"/>
    <property name="java.vm.specification.vendor" value="Oracle Corporation"/>
    <property name="java.awt.graphicsenv" value="sun.awt.Win32GraphicsEnvironment"/>
    <property name="surefire.real.class.path" value="C:\Users\Mohit.negi\AppData\Local\Temp\surefire4993186761508675335\surefirebooter-20231225123855198_3.jar"/>
    <property name="user.script" value=""/>
    <property name="sun.management.compiler" value="HotSpot 64-Bit Tiered Compilers"/>
    <property name="java.runtime.version" value="11.0.20+9-LTS-256"/>
    <property name="user.name" value="mohit.negi"/>
    <property name="path.separator" value=";"/>
    <property name="os.version" value="10.0"/>
    <property name="java.runtime.name" value="Java(TM) SE Runtime Environment"/>
    <property name="file.encoding" value="Cp1252"/>
    <property name="java.vm.name" value="Java HotSpot(TM) 64-Bit Server VM"/>
    <property name="java.vendor.version" value="18.9"/>
    <property name="localRepository" value="C:\Users\Mohit.negi\.m2\repository"/>
    <property name="java.vendor.url.bug" value="https://bugreport.java.com/bugreport/"/>
    <property name="java.io.tmpdir" value="C:\Users\MOHIT~1.NEG\AppData\Local\Temp\"/>
    <property name="java.version" value="11.0.20"/>
    <property name="user.dir" value="C:\Users\Mohit.negi\eclipse-workspace\POMTestAutomation"/>
    <property name="os.arch" value="amd64"/>
    <property name="webdriver.gecko.driver" value="C:\Users\Mohit.negi\Downloads\geckodriver-v0.33.0-win64\geckodriver.exe"/>
    <property name="java.vm.specification.name" value="Java Virtual Machine Specification"/>
    <property name="java.awt.printerjob" value="sun.awt.windows.WPrinterJob"/>
    <property name="sun.os.patch.level" value=""/>
    <property name="java.library.path" value="C:\Program Files\Java\jdk-11\bin;C:\WINDOWS\Sun\Java\bin;C:\WINDOWS\system32;C:\WINDOWS;C:\Users\Mohit.negi\.jenkins\tools\hudson.tasks.Maven_MavenInstallation\TestMaven/bin;C:\Program Files\Common Files\Oracle\Java\javapath;C:\Program Files (x86)\Common Files\Oracle\Java\javapath;C:\WINDOWS\system32;C:\WINDOWS;C:\WINDOWS\System32\Wbem;C:\WINDOWS\System32\WindowsPowerShell\v1.0\;C:\WINDOWS\System32\OpenSSH\;C:\Program Files (x86)\Pulse Secure\VC142.CRT\X64\;C:\Program Files (x86)\Pulse Secure\VC142.CRT\X86\;C:\Program Files (x86)\Common Files\Pulse Secure\VC142.CRT\X64\;C:\Program Files (x86)\Common Files\Pulse Secure\VC142.CRT\X86\;C:\Program Files\Java\jdk-11\bin;C:\Program Files\dotnet\;C:\Users\Mohit.negi\Downloads\Jenkins;C:\Users\Mohit.negi\AppData\Local\Microsoft\WindowsApps;;C:\Users\Mohit.negi\AppData\Local\JetBrains\IntelliJ IDEA 2023.1\bin;;C:\Users\Mohit.negi\AppData\Local\JetBrains\IntelliJ IDEA Community Edition 2023.1\bin;;."/>
    <property name="java.vendor" value="Oracle Corporation"/>
    <property name="java.vm.info" value="mixed mode"/>
    <property name="java.vm.version" value="11.0.20+9-LTS-256"/>
    <property name="java.specification.maintenance.version" value="2"/>
    <property name="sun.io.unicode.encoding" value="UnicodeLittle"/>
    <property name="java.class.version" value="55.0"/>
  </properties>
  <testcase name="validateCartPageTitleTest" classname="com.sauce.qa.testcases.CartPageTest" time="0.101">
    <system-out><![CDATA[Before navigating to: 'https://www.saucedemo.com/v1/'
Navigated to:'https://www.saucedemo.com/v1/'
Trying to find Element By : By.name: user-name
Found Element By : By.name: user-name
Trying to find Element By : By.name: password
Found Element By : By.name: password
Trying to find Element By : By.xpath: //input[@type="submit"][@id='login-button']
Found Element By : By.xpath: //input[@type="submit"][@id='login-button']
Trying to click on: [[FirefoxDriver: firefox on windows (cf5d667b-dc13-470c-9b49-17183f8f1f44)] -> xpath: //input[@type="submit"][@id='login-button']]
Clicked on: [[FirefoxDriver: firefox on windows (cf5d667b-dc13-470c-9b49-17183f8f1f44)] -> xpath: //input[@type="submit"][@id='login-button']]
Trying to find Element By : By.xpath: //div[contains(text(),'Sauce Labs Backpack')]//following::div//div[text()='29.99']//following-sibling::button[contains(text(),'ADD TO CART')]
Found Element By : By.xpath: //div[contains(text(),'Sauce Labs Backpack')]//following::div//div[text()='29.99']//following-sibling::button[contains(text(),'ADD TO CART')]
Trying to click on: [[FirefoxDriver: firefox on windows (cf5d667b-dc13-470c-9b49-17183f8f1f44)] -> xpath: //div[contains(text(),'Sauce Labs Backpack')]//following::div//div[text()='29.99']//following-sibling::button[contains(text(),'ADD TO CART')]]
Clicked on: [[FirefoxDriver: firefox on windows (cf5d667b-dc13-470c-9b49-17183f8f1f44)] -> xpath: //div[contains(text(),'Sauce Labs Backpack')]//following::div//div[text()='29.99']//following-sibling::button[contains(text(),'ADD TO CART')]]
Trying to find Element By : By.xpath: //div[@id='shopping_cart_container']//following::span[text()='1']
Found Element By : By.xpath: //div[@id='shopping_cart_container']//following::span[text()='1']
Trying to find Element By : By.xpath: //div[@id='shopping_cart_container']//following::span[text()='1']
Found Element By : By.xpath: //div[@id='shopping_cart_container']//following::span[text()='1']
Trying to click on: [[FirefoxDriver: firefox on windows (cf5d667b-dc13-470c-9b49-17183f8f1f44)] -> xpath: //div[@id='shopping_cart_container']//following::span[text()='1']]
Clicked on: [[FirefoxDriver: firefox on windows (cf5d667b-dc13-470c-9b49-17183f8f1f44)] -> xpath: //div[@id='shopping_cart_container']//following::span[text()='1']]
Trying to find Element By : By.xpath: //*[text()='Your Cart']
Found Element By : By.xpath: //*[text()='Your Cart']
]]></system-out>
    <system-err><![CDATA[SLF4J: Failed to load class "org.slf4j.impl.StaticLoggerBinder".
SLF4J: Defaulting to no-operation (NOP) logger implementation
SLF4J: See http://www.slf4j.org/codes.html#StaticLoggerBinder for further details.
]]></system-err>
  </testcase>
  <testcase name="checkOutTest" classname="com.sauce.qa.testcases.CartPageTest" time="10.557">
    <system-out><![CDATA[Before navigating to: 'https://www.saucedemo.com/v1/'
Navigated to:'https://www.saucedemo.com/v1/'
Trying to find Element By : By.name: user-name
Found Element By : By.name: user-name
Trying to find Element By : By.name: password
Found Element By : By.name: password
Trying to find Element By : By.xpath: //input[@type="submit"][@id='login-button']
Found Element By : By.xpath: //input[@type="submit"][@id='login-button']
Trying to click on: [[FirefoxDriver: firefox on windows (c43761db-956e-4780-945c-e4b1102ae0f5)] -> xpath: //input[@type="submit"][@id='login-button']]
Clicked on: [[FirefoxDriver: firefox on windows (c43761db-956e-4780-945c-e4b1102ae0f5)] -> xpath: //input[@type="submit"][@id='login-button']]
Trying to find Element By : By.xpath: //div[contains(text(),'Sauce Labs Backpack')]//following::div//div[text()='29.99']//following-sibling::button[contains(text(),'ADD TO CART')]
Found Element By : By.xpath: //div[contains(text(),'Sauce Labs Backpack')]//following::div//div[text()='29.99']//following-sibling::button[contains(text(),'ADD TO CART')]
Trying to click on: [[FirefoxDriver: firefox on windows (c43761db-956e-4780-945c-e4b1102ae0f5)] -> xpath: //div[contains(text(),'Sauce Labs Backpack')]//following::div//div[text()='29.99']//following-sibling::button[contains(text(),'ADD TO CART')]]
Clicked on: [[FirefoxDriver: firefox on windows (c43761db-956e-4780-945c-e4b1102ae0f5)] -> xpath: //div[contains(text(),'Sauce Labs Backpack')]//following::div//div[text()='29.99']//following-sibling::button[contains(text(),'ADD TO CART')]]
Trying to find Element By : By.xpath: //div[@id='shopping_cart_container']//following::span[text()='1']
Found Element By : By.xpath: //div[@id='shopping_cart_container']//following::span[text()='1']
Trying to find Element By : By.xpath: //div[@id='shopping_cart_container']//following::span[text()='1']
Found Element By : By.xpath: //div[@id='shopping_cart_container']//following::span[text()='1']
Trying to click on: [[FirefoxDriver: firefox on windows (c43761db-956e-4780-945c-e4b1102ae0f5)] -> xpath: //div[@id='shopping_cart_container']//following::span[text()='1']]
Clicked on: [[FirefoxDriver: firefox on windows (c43761db-956e-4780-945c-e4b1102ae0f5)] -> xpath: //div[@id='shopping_cart_container']//following::span[text()='1']]
Trying to find Element By : By.xpath: //*[text()='CHECKOUT']
Found Element By : By.xpath: //*[text()='CHECKOUT']
Trying to find Element By : By.xpath: //*[text()='CHECKOUT']
Found Element By : By.xpath: //*[text()='CHECKOUT']
Trying to click on: [[FirefoxDriver: firefox on windows (c43761db-956e-4780-945c-e4b1102ae0f5)] -> xpath: //*[text()='CHECKOUT']]
Clicked on: [[FirefoxDriver: firefox on windows (c43761db-956e-4780-945c-e4b1102ae0f5)] -> xpath: //*[text()='CHECKOUT']]
]]></system-out>
  </testcase>
  <testcase name="checkoutInfoTest[Mohit, Negi, 234234.0](1)" classname="com.sauce.qa.testcases.CartPageTest" time="16.576">
    <system-out><![CDATA[Before navigating to: 'https://www.saucedemo.com/v1/'
Navigated to:'https://www.saucedemo.com/v1/'
Trying to find Element By : By.name: user-name
Found Element By : By.name: user-name
Trying to find Element By : By.name: password
Found Element By : By.name: password
Trying to find Element By : By.xpath: //input[@type="submit"][@id='login-button']
Found Element By : By.xpath: //input[@type="submit"][@id='login-button']
Trying to click on: [[FirefoxDriver: firefox on windows (8b34209b-afa0-4d53-9791-f2ba2f7e0436)] -> xpath: //input[@type="submit"][@id='login-button']]
Clicked on: [[FirefoxDriver: firefox on windows (8b34209b-afa0-4d53-9791-f2ba2f7e0436)] -> xpath: //input[@type="submit"][@id='login-button']]
Trying to find Element By : By.xpath: //div[contains(text(),'Sauce Labs Backpack')]//following::div//div[text()='29.99']//following-sibling::button[contains(text(),'ADD TO CART')]
Found Element By : By.xpath: //div[contains(text(),'Sauce Labs Backpack')]//following::div//div[text()='29.99']//following-sibling::button[contains(text(),'ADD TO CART')]
Trying to click on: [[FirefoxDriver: firefox on windows (8b34209b-afa0-4d53-9791-f2ba2f7e0436)] -> xpath: //div[contains(text(),'Sauce Labs Backpack')]//following::div//div[text()='29.99']//following-sibling::button[contains(text(),'ADD TO CART')]]
Clicked on: [[FirefoxDriver: firefox on windows (8b34209b-afa0-4d53-9791-f2ba2f7e0436)] -> xpath: //div[contains(text(),'Sauce Labs Backpack')]//following::div//div[text()='29.99']//following-sibling::button[contains(text(),'ADD TO CART')]]
Trying to find Element By : By.xpath: //div[@id='shopping_cart_container']//following::span[text()='1']
Found Element By : By.xpath: //div[@id='shopping_cart_container']//following::span[text()='1']
Trying to find Element By : By.xpath: //div[@id='shopping_cart_container']//following::span[text()='1']
Found Element By : By.xpath: //div[@id='shopping_cart_container']//following::span[text()='1']
Trying to click on: [[FirefoxDriver: firefox on windows (8b34209b-afa0-4d53-9791-f2ba2f7e0436)] -> xpath: //div[@id='shopping_cart_container']//following::span[text()='1']]
Clicked on: [[FirefoxDriver: firefox on windows (8b34209b-afa0-4d53-9791-f2ba2f7e0436)] -> xpath: //div[@id='shopping_cart_container']//following::span[text()='1']]
Trying to find Element By : By.xpath: //*[text()='CHECKOUT']
Found Element By : By.xpath: //*[text()='CHECKOUT']
Trying to find Element By : By.xpath: //*[text()='CHECKOUT']
Found Element By : By.xpath: //*[text()='CHECKOUT']
Trying to click on: [[FirefoxDriver: firefox on windows (8b34209b-afa0-4d53-9791-f2ba2f7e0436)] -> xpath: //*[text()='CHECKOUT']]
Clicked on: [[FirefoxDriver: firefox on windows (8b34209b-afa0-4d53-9791-f2ba2f7e0436)] -> xpath: //*[text()='CHECKOUT']]
Trying to find Element By : By.xpath: //*[@id='first-name']
Found Element By : By.xpath: //*[@id='first-name']
Trying to find Element By : By.xpath: //*[@id='last-name']
Found Element By : By.xpath: //*[@id='last-name']
Trying to find Element By : By.xpath: //*[@id='postal-code']
Found Element By : By.xpath: //*[@id='postal-code']
Trying to find Element By : By.xpath: //*[@type='submit']
Found Element By : By.xpath: //*[@type='submit']
Trying to click on: [[FirefoxDriver: firefox on windows (8b34209b-afa0-4d53-9791-f2ba2f7e0436)] -> xpath: //*[@type='submit']]
Clicked on: [[FirefoxDriver: firefox on windows (8b34209b-afa0-4d53-9791-f2ba2f7e0436)] -> xpath: //*[@type='submit']]
]]></system-out>
    <system-err><![CDATA[ERROR StatusLogger Log4j2 could not find a logging implementation. Please add log4j-core to the classpath. Using SimpleLogger to log to the console...
]]></system-err>
  </testcase>
  <testcase name="checkoutInfoTest[Ayushi, Bisht, 234213.0](2)" classname="com.sauce.qa.testcases.CartPageTest" time="15.849">
    <system-out><![CDATA[Before navigating to: 'https://www.saucedemo.com/v1/'
Navigated to:'https://www.saucedemo.com/v1/'
Trying to find Element By : By.name: user-name
Found Element By : By.name: user-name
Trying to find Element By : By.name: password
Found Element By : By.name: password
Trying to find Element By : By.xpath: //input[@type="submit"][@id='login-button']
Found Element By : By.xpath: //input[@type="submit"][@id='login-button']
Trying to click on: [[FirefoxDriver: firefox on windows (690d6819-902f-433f-a9f3-35a15dbd6687)] -> xpath: //input[@type="submit"][@id='login-button']]
Clicked on: [[FirefoxDriver: firefox on windows (690d6819-902f-433f-a9f3-35a15dbd6687)] -> xpath: //input[@type="submit"][@id='login-button']]
Trying to find Element By : By.xpath: //div[contains(text(),'Sauce Labs Backpack')]//following::div//div[text()='29.99']//following-sibling::button[contains(text(),'ADD TO CART')]
Found Element By : By.xpath: //div[contains(text(),'Sauce Labs Backpack')]//following::div//div[text()='29.99']//following-sibling::button[contains(text(),'ADD TO CART')]
Trying to click on: [[FirefoxDriver: firefox on windows (690d6819-902f-433f-a9f3-35a15dbd6687)] -> xpath: //div[contains(text(),'Sauce Labs Backpack')]//following::div//div[text()='29.99']//following-sibling::button[contains(text(),'ADD TO CART')]]
Clicked on: [[FirefoxDriver: firefox on windows (690d6819-902f-433f-a9f3-35a15dbd6687)] -> xpath: //div[contains(text(),'Sauce Labs Backpack')]//following::div//div[text()='29.99']//following-sibling::button[contains(text(),'ADD TO CART')]]
Trying to find Element By : By.xpath: //div[@id='shopping_cart_container']//following::span[text()='1']
Found Element By : By.xpath: //div[@id='shopping_cart_container']//following::span[text()='1']
Trying to find Element By : By.xpath: //div[@id='shopping_cart_container']//following::span[text()='1']
Found Element By : By.xpath: //div[@id='shopping_cart_container']//following::span[text()='1']
Trying to click on: [[FirefoxDriver: firefox on windows (690d6819-902f-433f-a9f3-35a15dbd6687)] -> xpath: //div[@id='shopping_cart_container']//following::span[text()='1']]
Clicked on: [[FirefoxDriver: firefox on windows (690d6819-902f-433f-a9f3-35a15dbd6687)] -> xpath: //div[@id='shopping_cart_container']//following::span[text()='1']]
Trying to find Element By : By.xpath: //*[text()='CHECKOUT']
Found Element By : By.xpath: //*[text()='CHECKOUT']
Trying to find Element By : By.xpath: //*[text()='CHECKOUT']
Found Element By : By.xpath: //*[text()='CHECKOUT']
Trying to click on: [[FirefoxDriver: firefox on windows (690d6819-902f-433f-a9f3-35a15dbd6687)] -> xpath: //*[text()='CHECKOUT']]
Clicked on: [[FirefoxDriver: firefox on windows (690d6819-902f-433f-a9f3-35a15dbd6687)] -> xpath: //*[text()='CHECKOUT']]
Trying to find Element By : By.xpath: //*[@id='first-name']
Found Element By : By.xpath: //*[@id='first-name']
Trying to find Element By : By.xpath: //*[@id='last-name']
Found Element By : By.xpath: //*[@id='last-name']
Trying to find Element By : By.xpath: //*[@id='postal-code']
Found Element By : By.xpath: //*[@id='postal-code']
Trying to find Element By : By.xpath: //*[@type='submit']
Found Element By : By.xpath: //*[@type='submit']
Trying to click on: [[FirefoxDriver: firefox on windows (690d6819-902f-433f-a9f3-35a15dbd6687)] -> xpath: //*[@type='submit']]
Clicked on: [[FirefoxDriver: firefox on windows (690d6819-902f-433f-a9f3-35a15dbd6687)] -> xpath: //*[@type='submit']]
]]></system-out>
  </testcase>
  <testcase name="checkoutInfoTest[Tom, Ford, 456345.0](3)" classname="com.sauce.qa.testcases.CartPageTest" time="15.406">
    <system-out><![CDATA[Before navigating to: 'https://www.saucedemo.com/v1/'
Navigated to:'https://www.saucedemo.com/v1/'
Trying to find Element By : By.name: user-name
Found Element By : By.name: user-name
Trying to find Element By : By.name: password
Found Element By : By.name: password
Trying to find Element By : By.xpath: //input[@type="submit"][@id='login-button']
Found Element By : By.xpath: //input[@type="submit"][@id='login-button']
Trying to click on: [[FirefoxDriver: firefox on windows (a71a8f12-6026-4254-a305-a001798545d5)] -> xpath: //input[@type="submit"][@id='login-button']]
Clicked on: [[FirefoxDriver: firefox on windows (a71a8f12-6026-4254-a305-a001798545d5)] -> xpath: //input[@type="submit"][@id='login-button']]
Trying to find Element By : By.xpath: //div[contains(text(),'Sauce Labs Backpack')]//following::div//div[text()='29.99']//following-sibling::button[contains(text(),'ADD TO CART')]
Found Element By : By.xpath: //div[contains(text(),'Sauce Labs Backpack')]//following::div//div[text()='29.99']//following-sibling::button[contains(text(),'ADD TO CART')]
Trying to click on: [[FirefoxDriver: firefox on windows (a71a8f12-6026-4254-a305-a001798545d5)] -> xpath: //div[contains(text(),'Sauce Labs Backpack')]//following::div//div[text()='29.99']//following-sibling::button[contains(text(),'ADD TO CART')]]
Clicked on: [[FirefoxDriver: firefox on windows (a71a8f12-6026-4254-a305-a001798545d5)] -> xpath: //div[contains(text(),'Sauce Labs Backpack')]//following::div//div[text()='29.99']//following-sibling::button[contains(text(),'ADD TO CART')]]
Trying to find Element By : By.xpath: //div[@id='shopping_cart_container']//following::span[text()='1']
Found Element By : By.xpath: //div[@id='shopping_cart_container']//following::span[text()='1']
Trying to find Element By : By.xpath: //div[@id='shopping_cart_container']//following::span[text()='1']
Found Element By : By.xpath: //div[@id='shopping_cart_container']//following::span[text()='1']
Trying to click on: [[FirefoxDriver: firefox on windows (a71a8f12-6026-4254-a305-a001798545d5)] -> xpath: //div[@id='shopping_cart_container']//following::span[text()='1']]
Clicked on: [[FirefoxDriver: firefox on windows (a71a8f12-6026-4254-a305-a001798545d5)] -> xpath: //div[@id='shopping_cart_container']//following::span[text()='1']]
Trying to find Element By : By.xpath: //*[text()='CHECKOUT']
Found Element By : By.xpath: //*[text()='CHECKOUT']
Trying to find Element By : By.xpath: //*[text()='CHECKOUT']
Found Element By : By.xpath: //*[text()='CHECKOUT']
Trying to click on: [[FirefoxDriver: firefox on windows (a71a8f12-6026-4254-a305-a001798545d5)] -> xpath: //*[text()='CHECKOUT']]
Clicked on: [[FirefoxDriver: firefox on windows (a71a8f12-6026-4254-a305-a001798545d5)] -> xpath: //*[text()='CHECKOUT']]
Trying to find Element By : By.xpath: //*[@id='first-name']
Found Element By : By.xpath: //*[@id='first-name']
Trying to find Element By : By.xpath: //*[@id='last-name']
Found Element By : By.xpath: //*[@id='last-name']
Trying to find Element By : By.xpath: //*[@id='postal-code']
Found Element By : By.xpath: //*[@id='postal-code']
Trying to find Element By : By.xpath: //*[@type='submit']
Found Element By : By.xpath: //*[@type='submit']
Trying to click on: [[FirefoxDriver: firefox on windows (a71a8f12-6026-4254-a305-a001798545d5)] -> xpath: //*[@type='submit']]
Clicked on: [[FirefoxDriver: firefox on windows (a71a8f12-6026-4254-a305-a001798545d5)] -> xpath: //*[@type='submit']]
]]></system-out>
  </testcase>
  <testcase name="checkoutInfoTest[Zack, Higgins, 98234.0](4)" classname="com.sauce.qa.testcases.CartPageTest" time="15.416">
    <system-out><![CDATA[Before navigating to: 'https://www.saucedemo.com/v1/'
Navigated to:'https://www.saucedemo.com/v1/'
Trying to find Element By : By.name: user-name
Found Element By : By.name: user-name
Trying to find Element By : By.name: password
Found Element By : By.name: password
Trying to find Element By : By.xpath: //input[@type="submit"][@id='login-button']
Found Element By : By.xpath: //input[@type="submit"][@id='login-button']
Trying to click on: [[FirefoxDriver: firefox on windows (282a9cd4-fcba-4136-8d76-0dc5a16a7b22)] -> xpath: //input[@type="submit"][@id='login-button']]
Clicked on: [[FirefoxDriver: firefox on windows (282a9cd4-fcba-4136-8d76-0dc5a16a7b22)] -> xpath: //input[@type="submit"][@id='login-button']]
Trying to find Element By : By.xpath: //div[contains(text(),'Sauce Labs Backpack')]//following::div//div[text()='29.99']//following-sibling::button[contains(text(),'ADD TO CART')]
Found Element By : By.xpath: //div[contains(text(),'Sauce Labs Backpack')]//following::div//div[text()='29.99']//following-sibling::button[contains(text(),'ADD TO CART')]
Trying to click on: [[FirefoxDriver: firefox on windows (282a9cd4-fcba-4136-8d76-0dc5a16a7b22)] -> xpath: //div[contains(text(),'Sauce Labs Backpack')]//following::div//div[text()='29.99']//following-sibling::button[contains(text(),'ADD TO CART')]]
Clicked on: [[FirefoxDriver: firefox on windows (282a9cd4-fcba-4136-8d76-0dc5a16a7b22)] -> xpath: //div[contains(text(),'Sauce Labs Backpack')]//following::div//div[text()='29.99']//following-sibling::button[contains(text(),'ADD TO CART')]]
Trying to find Element By : By.xpath: //div[@id='shopping_cart_container']//following::span[text()='1']
Found Element By : By.xpath: //div[@id='shopping_cart_container']//following::span[text()='1']
Trying to find Element By : By.xpath: //div[@id='shopping_cart_container']//following::span[text()='1']
Found Element By : By.xpath: //div[@id='shopping_cart_container']//following::span[text()='1']
Trying to click on: [[FirefoxDriver: firefox on windows (282a9cd4-fcba-4136-8d76-0dc5a16a7b22)] -> xpath: //div[@id='shopping_cart_container']//following::span[text()='1']]
Clicked on: [[FirefoxDriver: firefox on windows (282a9cd4-fcba-4136-8d76-0dc5a16a7b22)] -> xpath: //div[@id='shopping_cart_container']//following::span[text()='1']]
Trying to find Element By : By.xpath: //*[text()='CHECKOUT']
Found Element By : By.xpath: //*[text()='CHECKOUT']
Trying to find Element By : By.xpath: //*[text()='CHECKOUT']
Found Element By : By.xpath: //*[text()='CHECKOUT']
Trying to click on: [[FirefoxDriver: firefox on windows (282a9cd4-fcba-4136-8d76-0dc5a16a7b22)] -> xpath: //*[text()='CHECKOUT']]
Clicked on: [[FirefoxDriver: firefox on windows (282a9cd4-fcba-4136-8d76-0dc5a16a7b22)] -> xpath: //*[text()='CHECKOUT']]
Trying to find Element By : By.xpath: //*[@id='first-name']
Found Element By : By.xpath: //*[@id='first-name']
Trying to find Element By : By.xpath: //*[@id='last-name']
Found Element By : By.xpath: //*[@id='last-name']
Trying to find Element By : By.xpath: //*[@id='postal-code']
Found Element By : By.xpath: //*[@id='postal-code']
Trying to find Element By : By.xpath: //*[@type='submit']
Found Element By : By.xpath: //*[@type='submit']
Trying to click on: [[FirefoxDriver: firefox on windows (282a9cd4-fcba-4136-8d76-0dc5a16a7b22)] -> xpath: //*[@type='submit']]
Clicked on: [[FirefoxDriver: firefox on windows (282a9cd4-fcba-4136-8d76-0dc5a16a7b22)] -> xpath: //*[@type='submit']]
]]></system-out>
  </testcase>
  <testcase name="LoginPageTitleTest" classname="com.sauce.qa.testcases.LoginPageTest" time="0.013">
    <system-out><![CDATA[Before navigating to: 'https://www.saucedemo.com/v1/'
Navigated to:'https://www.saucedemo.com/v1/'
]]></system-out>
  </testcase>
  <testcase name="LoginTest" classname="com.sauce.qa.testcases.LoginPageTest" time="1.024">
    <system-out><![CDATA[Before navigating to: 'https://www.saucedemo.com/v1/'
Navigated to:'https://www.saucedemo.com/v1/'
Trying to find Element By : By.name: user-name
Found Element By : By.name: user-name
Trying to find Element By : By.name: password
Found Element By : By.name: password
Trying to find Element By : By.xpath: //input[@type="submit"][@id='login-button']
Found Element By : By.xpath: //input[@type="submit"][@id='login-button']
Trying to click on: [[FirefoxDriver: firefox on windows (de29262b-6123-4cfd-874c-5584825838e9)] -> xpath: //input[@type="submit"][@id='login-button']]
Clicked on: [[FirefoxDriver: firefox on windows (de29262b-6123-4cfd-874c-5584825838e9)] -> xpath: //input[@type="submit"][@id='login-button']]
]]></system-out>
  </testcase>
  <testcase name="ProductPageTitleTest" classname="com.sauce.qa.testcases.ProductPageTest" time="0.046">
    <system-out><![CDATA[Before navigating to: 'https://www.saucedemo.com/v1/'
Navigated to:'https://www.saucedemo.com/v1/'
Trying to find Element By : By.name: user-name
Found Element By : By.name: user-name
Trying to find Element By : By.name: password
Found Element By : By.name: password
Trying to find Element By : By.xpath: //input[@type="submit"][@id='login-button']
Found Element By : By.xpath: //input[@type="submit"][@id='login-button']
Trying to click on: [[FirefoxDriver: firefox on windows (39d1ab23-566a-4604-8d0f-a32397fd496c)] -> xpath: //input[@type="submit"][@id='login-button']]
Clicked on: [[FirefoxDriver: firefox on windows (39d1ab23-566a-4604-8d0f-a32397fd496c)] -> xpath: //input[@type="submit"][@id='login-button']]
Trying to find Element By : By.xpath: //div[text()='Products' and @class='product_label']
Found Element By : By.xpath: //div[text()='Products' and @class='product_label']
]]></system-out>
  </testcase>
  <testcase name="addProductTest" classname="com.sauce.qa.testcases.ProductPageTest" time="0.412">
    <system-out><![CDATA[Before navigating to: 'https://www.saucedemo.com/v1/'
Navigated to:'https://www.saucedemo.com/v1/'
Trying to find Element By : By.name: user-name
Found Element By : By.name: user-name
Trying to find Element By : By.name: password
Found Element By : By.name: password
Trying to find Element By : By.xpath: //input[@type="submit"][@id='login-button']
Found Element By : By.xpath: //input[@type="submit"][@id='login-button']
Trying to click on: [[FirefoxDriver: firefox on windows (c552571b-2872-4f17-880a-e1e1bd16fbed)] -> xpath: //input[@type="submit"][@id='login-button']]
Clicked on: [[FirefoxDriver: firefox on windows (c552571b-2872-4f17-880a-e1e1bd16fbed)] -> xpath: //input[@type="submit"][@id='login-button']]
Trying to find Element By : By.xpath: //div[contains(text(),'Sauce Labs Backpack')]//following::div//div[text()='29.99']//following-sibling::button[contains(text(),'ADD TO CART')]
Found Element By : By.xpath: //div[contains(text(),'Sauce Labs Backpack')]//following::div//div[text()='29.99']//following-sibling::button[contains(text(),'ADD TO CART')]
Trying to click on: [[FirefoxDriver: firefox on windows (c552571b-2872-4f17-880a-e1e1bd16fbed)] -> xpath: //div[contains(text(),'Sauce Labs Backpack')]//following::div//div[text()='29.99']//following-sibling::button[contains(text(),'ADD TO CART')]]
Clicked on: [[FirefoxDriver: firefox on windows (c552571b-2872-4f17-880a-e1e1bd16fbed)] -> xpath: //div[contains(text(),'Sauce Labs Backpack')]//following::div//div[text()='29.99']//following-sibling::button[contains(text(),'ADD TO CART')]]
Trying to find Element By : By.xpath: //div[@id='shopping_cart_container']//following::span[text()='1']
Found Element By : By.xpath: //div[@id='shopping_cart_container']//following::span[text()='1']
Trying to find Element By : By.xpath: //div[@id='shopping_cart_container']//following::span[text()='1']
Found Element By : By.xpath: //div[@id='shopping_cart_container']//following::span[text()='1']
Trying to click on: [[FirefoxDriver: firefox on windows (c552571b-2872-4f17-880a-e1e1bd16fbed)] -> xpath: //div[@id='shopping_cart_container']//following::span[text()='1']]
Clicked on: [[FirefoxDriver: firefox on windows (c552571b-2872-4f17-880a-e1e1bd16fbed)] -> xpath: //div[@id='shopping_cart_container']//following::span[text()='1']]
]]></system-out>
  </testcase>
</testsuite>