<?xml version="1.0" encoding="UTF-8"?>
<!-- Generated by org.testng.reporters.JUnitReportReporter -->
<testsuite hostname="DDC1-L-2144Y3K" failures="0" tests="6" name="com.sauce.qa.testcases.CartPageTest" time="150.971" errors="0" timestamp="2023-12-25T03:12:44 IST" skipped="0">
  <testcase classname="com.sauce.qa.testcases.CartPageTest" name="validateCartPageTitleTest" time="12.696"/>
  <testcase classname="com.sauce.qa.testcases.CartPageTest" name="checkOutTest" time="23.432"/>
  <testcase classname="com.sauce.qa.testcases.CartPageTest" name="checkoutInfoTest" time="28.530"/>
  <testcase classname="com.sauce.qa.testcases.CartPageTest" name="checkoutInfoTest" time="28.996"/>
  <testcase classname="com.sauce.qa.testcases.CartPageTest" name="checkoutInfoTest" time="28.586"/>
  <testcase classname="com.sauce.qa.testcases.CartPageTest" name="checkoutInfoTest" time="28.731"/>
</testsuite> <!-- com.sauce.qa.testcases.CartPageTest -->
