<?xml version="1.0" encoding="UTF-8"?>
<!-- Generated by org.testng.reporters.JUnitReportReporter -->
<testsuite hostname="DDC1-L-2144Y3K" failures="0" tests="7" name="com.sauce.qa.testcases.CartPageTest" time="218.049" errors="0" timestamp="2023-12-26T17:47:34 IST" skipped="0">
  <testcase classname="com.sauce.qa.testcases.CartPageTest" name="validateCartPageTitleTest" time="19.704"/>
  <testcase classname="com.sauce.qa.testcases.CartPageTest" name="checkOutTest" time="29.882"/>
  <testcase classname="com.sauce.qa.testcases.CartPageTest" name="checkoutInfoTest" time="32.909"/>
  <testcase classname="com.sauce.qa.testcases.CartPageTest" name="checkoutInfoTest" time="32.259"/>
  <testcase classname="com.sauce.qa.testcases.CartPageTest" name="checkoutInfoTest" time="34.469"/>
  <testcase classname="com.sauce.qa.testcases.CartPageTest" name="checkoutInfoTest" time="33.212"/>
  <testcase classname="com.sauce.qa.testcases.CartPageTest" name="checkoutInfoTestParameters" time="35.614"/>
</testsuite> <!-- com.sauce.qa.testcases.CartPageTest -->
