<?xml version="1.0" encoding="UTF-8"?>
<!-- Generated by org.testng.reporters.JUnitReportReporter -->
<testsuite hostname="DDC1-L-2144Y3K" failures="0" tests="2" name="com.sauce.qa.testcases.ProductPageTest" time="14.263" errors="0" timestamp="2023-12-25T03:12:44 IST" skipped="0">
  <testcase classname="com.sauce.qa.testcases.ProductPageTest" name="ProductPageTitleTest" time="6.683"/>
  <testcase classname="com.sauce.qa.testcases.ProductPageTest" name="addProductTest" time="7.580"/>
</testsuite> <!-- com.sauce.qa.testcases.ProductPageTest -->
