<?xml version="1.0" encoding="UTF-8"?>
<!-- Generated by org.testng.reporters.JUnitReportReporter -->
<testsuite hostname="DDC1-L-2144Y3K" failures="0" tests="2" name="com.sauce.qa.testcases.ProductPageTest" time="55.817" errors="0" timestamp="2023-12-26T17:47:34 IST" skipped="0">
  <testcase classname="com.sauce.qa.testcases.ProductPageTest" name="ProductPageTitleTest" time="20.436"/>
  <testcase classname="com.sauce.qa.testcases.ProductPageTest" name="addProductTest" time="35.381"/>
</testsuite> <!-- com.sauce.qa.testcases.ProductPageTest -->
