<?xml version="1.0" encoding="UTF-8"?>
<!-- Generated by org.testng.reporters.JUnitReportReporter -->
<testsuite hostname="DDC1-L-2144Y3K" failures="0" tests="2" name="com.sauce.qa.testcases.LoginPageTest" time="28.126" errors="0" timestamp="2023-12-26T17:47:34 IST" skipped="0">
  <testcase classname="com.sauce.qa.testcases.LoginPageTest" name="LoginPageTitleTest" time="16.121"/>
  <testcase classname="com.sauce.qa.testcases.LoginPageTest" name="LoginTest" time="12.005"/>
</testsuite> <!-- com.sauce.qa.testcases.LoginPageTest -->
