<?xml version="1.0" encoding="UTF-8"?>
<!-- Generated by org.testng.reporters.JUnitReportReporter -->
<testsuite hostname="DDC1-L-2144Y3K" failures="0" tests="2" name="com.sauce.qa.testcases.ProductPageTest" time="20.943" errors="0" timestamp="2023-12-25T12:42:38 IST" skipped="0">
  <testcase classname="com.sauce.qa.testcases.ProductPageTest" name="ProductPageTitleTest" time="10.551"/>
  <testcase classname="com.sauce.qa.testcases.ProductPageTest" name="addProductTest" time="10.392"/>
</testsuite> <!-- com.sauce.qa.testcases.ProductPageTest -->
