<?xml version="1.0" encoding="UTF-8"?>
<!-- Generated by org.testng.reporters.JUnitReportReporter -->
<testsuite hostname="DDC1-L-2144Y3K" failures="0" tests="6" name="com.sauce.qa.testcases.CartPageTest" time="179.947" errors="0" timestamp="2023-12-25T12:42:38 IST" skipped="0">
  <testcase classname="com.sauce.qa.testcases.CartPageTest" name="validateCartPageTitleTest" time="15.971"/>
  <testcase classname="com.sauce.qa.testcases.CartPageTest" name="checkOutTest" time="26.339"/>
  <testcase classname="com.sauce.qa.testcases.CartPageTest" name="checkoutInfoTest" time="32.423"/>
  <testcase classname="com.sauce.qa.testcases.CartPageTest" name="checkoutInfoTest" time="30.862"/>
  <testcase classname="com.sauce.qa.testcases.CartPageTest" name="checkoutInfoTest" time="41.844"/>
  <testcase classname="com.sauce.qa.testcases.CartPageTest" name="checkoutInfoTest" time="32.508"/>
</testsuite> <!-- com.sauce.qa.testcases.CartPageTest -->
