<?xml version="1.0" encoding="UTF-8"?>
<!-- Generated by org.testng.reporters.JUnitReportReporter -->
<testsuite hostname="DDC1-L-2144Y3K" failures="0" tests="2" name="com.sauce.qa.testcases.LoginPageTest" time="16.696" errors="0" timestamp="2023-12-25T12:42:38 IST" skipped="0">
  <testcase classname="com.sauce.qa.testcases.LoginPageTest" name="LoginPageTitleTest" time="7.744"/>
  <testcase classname="com.sauce.qa.testcases.LoginPageTest" name="LoginTest" time="8.952"/>
</testsuite> <!-- com.sauce.qa.testcases.LoginPageTest -->
